<?xml version="1.0" encoding="UTF-8"?>
<!-- Generated by org.testng.reporters.JUnitXMLReporter -->
<testsuite ignored="0" hostname="Omprakash" failures="0" tests="2" name="Default test" time="0.333" errors="0" timestamp="2022-08-30T22:36:21 IST">
  <testcase classname="com.crm.vtiger.test.testTest" name="test" time="0.016">
    <skipped/>
  </testcase> <!-- test -->
  <testcase classname="com.crm.vtiger.test.testTest" name="test" time="0.002">
    <skipped/>
  </testcase> <!-- test -->
</testsuite> <!-- Default test -->
