<?xml version="1.0" encoding="UTF-8"?>
<testng-results ignored="0" total="1" passed="1" failed="0" skipped="0">
  <reporter-output>
  </reporter-output>
  <suite started-at="2022-08-29T21:26:23 IST" name="Default suite" finished-at="2022-08-29T21:26:40 IST" duration-ms="16598">
    <groups>
    </groups>
    <test started-at="2022-08-29T21:26:23 IST" name="Default test" finished-at="2022-08-29T21:26:40 IST" duration-ms="16598">
      <class name="com.crm.vtiger.test.testTest">
        <test-method is-config="true" signature="createDatabaseConnection()[pri:0, instance:com.crm.vtiger.test.testTest@2dc54ad4]" started-at="2022-08-29T21:26:23 IST" name="createDatabaseConnection" finished-at="2022-08-29T21:26:23 IST" duration-ms="12" status="PASS">
          <reporter-output>
          </reporter-output>
        </test-method> <!-- createDatabaseConnection -->
        <test-method is-config="true" signature="pralallelExecution()[pri:0, instance:com.crm.vtiger.test.testTest@2dc54ad4]" started-at="2022-08-29T21:26:23 IST" name="pralallelExecution" finished-at="2022-08-29T21:26:23 IST" duration-ms="0" status="PASS">
          <reporter-output>
          </reporter-output>
        </test-method> <!-- pralallelExecution -->
        <test-method is-config="true" signature="launchBrowser()[pri:0, instance:com.crm.vtiger.test.testTest@2dc54ad4]" started-at="2022-08-29T21:26:23 IST" name="launchBrowser" finished-at="2022-08-29T21:26:29 IST" duration-ms="5550" status="PASS">
          <reporter-output>
          </reporter-output>
        </test-method> <!-- launchBrowser -->
        <test-method is-config="true" signature="loginToApplication()[pri:0, instance:com.crm.vtiger.test.testTest@2dc54ad4]" started-at="2022-08-29T21:26:29 IST" name="loginToApplication" finished-at="2022-08-29T21:26:33 IST" duration-ms="4358" status="PASS">
          <reporter-output>
          </reporter-output>
        </test-method> <!-- loginToApplication -->
        <test-method signature="test()[pri:0, instance:com.crm.vtiger.test.testTest@2dc54ad4]" started-at="2022-08-29T21:26:33 IST" name="test" finished-at="2022-08-29T21:26:33 IST" duration-ms="40" status="PASS">
          <reporter-output>
          </reporter-output>
        </test-method> <!-- test -->
        <test-method is-config="true" signature="closeBrowser()[pri:0, instance:com.crm.vtiger.test.testTest@2dc54ad4]" started-at="2022-08-29T21:26:33 IST" name="closeBrowser" finished-at="2022-08-29T21:26:40 IST" duration-ms="6154" status="PASS">
          <reporter-output>
          </reporter-output>
        </test-method> <!-- closeBrowser -->
        <test-method is-config="true" signature="logoutFromApplication()[pri:0, instance:com.crm.vtiger.test.testTest@2dc54ad4]" started-at="2022-08-29T21:26:33 IST" name="logoutFromApplication" finished-at="2022-08-29T21:26:33 IST" duration-ms="0" status="PASS">
          <reporter-output>
          </reporter-output>
        </test-method> <!-- logoutFromApplication -->
        <test-method is-config="true" signature="closePrallel()[pri:0, instance:com.crm.vtiger.test.testTest@2dc54ad4]" started-at="2022-08-29T21:26:40 IST" name="closePrallel" finished-at="2022-08-29T21:26:40 IST" duration-ms="0" status="PASS">
          <reporter-output>
          </reporter-output>
        </test-method> <!-- closePrallel -->
        <test-method is-config="true" signature="closeDBConnection()[pri:0, instance:com.crm.vtiger.test.testTest@2dc54ad4]" started-at="2022-08-29T21:26:40 IST" name="closeDBConnection" finished-at="2022-08-29T21:26:40 IST" duration-ms="0" status="PASS">
          <reporter-output>
          </reporter-output>
        </test-method> <!-- closeDBConnection -->
      </class> <!-- com.crm.vtiger.test.testTest -->
    </test> <!-- Default test -->
  </suite> <!-- Default suite -->
</testng-results>
